<?xml version="1.0" encoding="UTF-8"?>
<testsuite xmlns:xsi="http://www.w3.org/2001/XMLSchema-instance" xsi:noNamespaceSchemaLocation="https://maven.apache.org/surefire/maven-surefire-plugin/xsd/surefire-test-report-3.0.xsd" version="3.0" name="edu.unizg.foi.nwtis.jfletcher20.vjezba_04_dz_1.posluzitelji.PosluziteljKazniTest" time="0.303" tests="7" errors="0" skipped="0" failures="0">
  <properties>
[...]
</properties>
  <testcase name="testPreuzmiPostavke" classname="edu.unizg.foi.nwtis.jfletcher20.vjezba_04_dz_1.posluzitelji.PosluziteljKazniTest" time="0.09"/>
  <testcase name="testObradaZahtjevaKazna" classname="edu.unizg.foi.nwtis.jfletcher20.vjezba_04_dz_1.posluzitelji.PosluziteljKazniTest" time="0.023">
    <system-out><![CDATA[Id: 1 Vrijeme od: 19.01.1970 19:00:00.000  Vrijeme do: 19.01.1970 19:00:00.001 Brzina: 100.0 GPS: 45.0, 45.0
]]></system-out>
  </testcase>
  <testcase name="testObradaZahtjeva" classname="edu.unizg.foi.nwtis.jfletcher20.vjezba_04_dz_1.posluzitelji.PosluziteljKazniTest" time="0.003">
    <system-out><![CDATA[Id: 1 Vrijeme od: 19.01.1970 19:00:00.000  Vrijeme do: 19.01.1970 19:00:00.001 Brzina: 100.0 GPS: 45.0, 45.0
]]></system-out>
  </testcase>
  <testcase name="testPokreniPosluzitelja" classname="edu.unizg.foi.nwtis.jfletcher20.vjezba_04_dz_1.posluzitelji.PosluziteljKazniTest" time="0.008">
    <system-err><![CDATA[Exception in thread "" ]]></system-err>
  </testcase>
  <testcase name="testMain" classname="edu.unizg.foi.nwtis.jfletcher20.vjezba_04_dz_1.posluzitelji.PosluziteljKazniTest" time="0.126">
    <system-err><![CDATA[java.lang.NullPointerException: Cannot invoke "edu.unizg.foi.nwtis.jfletcher20.vjezba_04_dz_1.posluzitelji.PosluziteljKazni.pokreniPosluzitelja()" because "this.posluziteljKazni" is null
	at edu.unizg.foi.nwtis.jfletcher20.vjezba_04_dz_1.posluzitelji.PosluziteljKazniTest.lambda$testPokreniPosluzitelja$1(PosluziteljKazniTest.java:126)
	at java.base/java.lang.VirtualThread.run(VirtualThread.java:309)
java.net.SocketException: Closed by interrupt
	at java.base/java.net.ServerSocket.implAccept(ServerSocket.java:705)
	at java.base/java.net.ServerSocket.platformImplAccept(ServerSocket.java:663)
	at java.base/java.net.ServerSocket.implAccept(ServerSocket.java:639)
	at java.base/java.net.ServerSocket.implAccept(ServerSocket.java:585)
	at java.base/java.net.ServerSocket.accept(ServerSocket.java:543)
	at edu.unizg.foi.nwtis.jfletcher20.vjezba_04_dz_1.posluzitelji.PosluziteljKazni.pokreniPosluzitelja(PosluziteljKazni.java:96)
]]></system-err>
  </testcase>
  <testcase name="testObradaZahtjevaStatistike" classname="edu.unizg.foi.nwtis.jfletcher20.vjezba_04_dz_1.posluzitelji.PosluziteljKazniTest" time="0.006">
    <system-out><![CDATA[Id: 1 Vrijeme od: 19.01.1970 19:00:00.000  Vrijeme do: 19.01.1970 19:00:00.001 Brzina: 100.0 GPS: 45.0, 45.0
]]></system-out>
    <system-err><![CDATA[	at edu.unizg.foi.nwtis.jfletcher20.vjezba_04_dz_1.posluzitelji.PosluziteljKazni.main(PosluziteljKazni.java:83)
	at edu.unizg.foi.nwtis.jfletcher20.vjezba_04_dz_1.posluzitelji.PosluziteljKazniTest.lambda$testMain$0(PosluziteljKazniTest.java:99)
	at java.base/java.lang.VirtualThread.run(VirtualThread.java:309)
]]></system-err>
  </testcase>
  <testcase name="testObradaZahtjevaDohvatiKaznu" classname="edu.unizg.foi.nwtis.jfletcher20.vjezba_04_dz_1.posluzitelji.PosluziteljKazniTest" time="0.004"/>
</testsuite>